<?xml version="1.0" encoding="UTF-8"?>
<testng-results ignored="0" total="1" passed="1" failed="0" skipped="0">
  <reporter-output>
    <line>
      <![CDATA[Application opened]]>
    </line>
    <line>
      <![CDATA[Login completed]]>
    </line>
    <line>
      <![CDATA[Logout completed]]>
    </line>
    <line>
      <![CDATA[Logout completed]]>
    </line>
  </reporter-output>
  <suite started-at="2021-04-07T12:36:12 IST" name="Default suite" finished-at="2021-04-07T12:36:20 IST" duration-ms="7593">
    <groups>
    </groups>
    <test started-at="2021-04-07T12:36:12 IST" name="Default test" finished-at="2021-04-07T12:36:20 IST" duration-ms="7593">
      <class name="TestNG.Examp1">
        <test-method is-config="true" signature="StartUp()[pri:0, instance:TestNG.Examp1@56a6d5a6]" started-at="2021-04-07T12:36:12 IST" name="StartUp" finished-at="2021-04-07T12:36:14 IST" duration-ms="1921" status="PASS">
          <reporter-output>
          </reporter-output>
        </test-method> <!-- StartUp -->
        <test-method signature="tc001()[pri:0, instance:TestNG.Examp1@56a6d5a6]" started-at="2021-04-07T12:36:14 IST" name="tc001" finished-at="2021-04-07T12:36:20 IST" duration-ms="5334" status="PASS">
          <reporter-output>
            <line>
              <![CDATA[Application opened]]>
            </line>
            <line>
              <![CDATA[Login completed]]>
            </line>
            <line>
              <![CDATA[Logout completed]]>
            </line>
            <line>
              <![CDATA[Logout completed]]>
            </line>
          </reporter-output>
        </test-method> <!-- tc001 -->
        <test-method is-config="true" signature="tearDown()[pri:0, instance:TestNG.Examp1@56a6d5a6]" started-at="2021-04-07T12:36:20 IST" name="tearDown" finished-at="2021-04-07T12:36:20 IST" duration-ms="304" status="PASS">
          <reporter-output>
          </reporter-output>
        </test-method> <!-- tearDown -->
      </class> <!-- TestNG.Examp1 -->
    </test> <!-- Default test -->
  </suite> <!-- Default suite -->
</testng-results>
